<?xml version="1.0" encoding="UTF-8"?>
<!-- Generated by org.testng.reporters.JUnitXMLReporter -->
<testsuite ignored="0" hostname="DESKTOP-AO9PN1L" failures="0" tests="3" name="Surefire test" time="24.867" errors="0" timestamp="2024-07-05T23:12:32 IST">
  <testcase classname="testNgAnditsAttributes.AttributesTest" name="faceBook" time="1.502"/>
  <testcase classname="testNgAnditsAttributes.AttributesTest" name="trello" time="6.199"/>
  <testcase classname="testNgAnditsAttributes.AttributesTest" name="vtiger" time="3.841"/>
</testsuite> <!-- Surefire test -->
