<?xml version="1.0" encoding="UTF-8"?>
<!-- Generated by org.testng.reporters.JUnitXMLReporter -->
<testsuite ignored="0" hostname="DESKTOP-AO9PN1L" failures="0" tests="6" name="Test1" time="126.764" errors="0" timestamp="2024-07-05T21:38:12 IST">
  <testcase classname="toReadDataFromExternalSource.ReadDataFromXMLfile_SuiteFile" name="loginToVtiger" time="17.378"/>
  <testcase classname="toReadDataFromExternalSource.ReadDataFromXMLfile_SuiteFile" name="loginToVtiger1" time="43.298"/>
  <testcase classname="toReadDataFromExternalSource.ReadDataFromXMLfile_SuiteFile" name="loginToVtiger2" time="23.909"/>
  <testcase classname="toReadDataFromExternalSource.ReadDataFromXMLfile_SuiteFile" name="loginToVtiger4" time="10.781"/>
  <testcase classname="toReadDataFromExternalSource.ReadDataFromXMLfile_SuiteFile" name="loginToVtiger5" time="7.037"/>
  <testcase classname="toReadDataFromExternalSource.ReadDataFromXMLfile_SuiteFile" name="loginToVtiger6" time="24.248"/>
</testsuite> <!-- Test1 -->
