<?xml version="1.0" encoding="UTF-8"?>
<!-- Generated by org.testng.reporters.JUnitXMLReporter -->
<testsuite ignored="0" hostname="DESKTOP-AO9PN1L" failures="0" tests="6" name="Test2" time="147.976" errors="0" timestamp="2024-07-05T21:38:33 IST">
  <testcase classname="toReadDataFromExternalSource.ReadDataFromXMLfile_SuiteFile" name="loginToVtiger" time="58.455"/>
  <testcase classname="toReadDataFromExternalSource.ReadDataFromXMLfile_SuiteFile" name="loginToVtiger1" time="27.532"/>
  <testcase classname="toReadDataFromExternalSource.ReadDataFromXMLfile_SuiteFile" name="loginToVtiger2" time="13.931"/>
  <testcase classname="toReadDataFromExternalSource.ReadDataFromXMLfile_SuiteFile" name="loginToVtiger4" time="26.691"/>
  <testcase classname="toReadDataFromExternalSource.ReadDataFromXMLfile_SuiteFile" name="loginToVtiger5" time="11.753"/>
  <testcase classname="toReadDataFromExternalSource.ReadDataFromXMLfile_SuiteFile" name="loginToVtiger6" time="9.53"/>
</testsuite> <!-- Test2 -->
