<?xml version="1.0" encoding="UTF-8"?>
<testng-results ignored="0" total="3" passed="3" failed="0" skipped="0">
  <reporter-output>
  </reporter-output>
  <suite started-at="2024-07-05T23:12:07 IST" name="Surefire suite" finished-at="2024-07-05T23:12:32 IST" duration-ms="24867">
    <groups>
    </groups>
    <test started-at="2024-07-05T23:12:07 IST" name="Surefire test" finished-at="2024-07-05T23:12:32 IST" duration-ms="24867">
      <class name="testNgAnditsAttributes.AttributesTest">
        <test-method is-config="true" signature="preCondition()[pri:0, instance:testNgAnditsAttributes.AttributesTest@1b68b9a4]" started-at="2024-07-05T23:12:07 IST" name="preCondition" finished-at="2024-07-05T23:12:10 IST" duration-ms="2420" status="PASS">
          <reporter-output>
          </reporter-output>
        </test-method> <!-- preCondition -->
        <test-method signature="faceBook()[pri:-1, instance:testNgAnditsAttributes.AttributesTest@1b68b9a4]" started-at="2024-07-05T23:12:10 IST" name="faceBook" finished-at="2024-07-05T23:12:11 IST" duration-ms="1502" status="PASS">
          <reporter-output>
          </reporter-output>
        </test-method> <!-- faceBook -->
        <test-method is-config="true" signature="postCondition()[pri:0, instance:testNgAnditsAttributes.AttributesTest@1b68b9a4]" started-at="2024-07-05T23:12:11 IST" name="postCondition" finished-at="2024-07-05T23:12:18 IST" duration-ms="6570" status="PASS">
          <reporter-output>
          </reporter-output>
        </test-method> <!-- postCondition -->
        <test-method is-config="true" signature="preCondition()[pri:0, instance:testNgAnditsAttributes.AttributesTest@1b68b9a4]" started-at="2024-07-05T23:12:18 IST" name="preCondition" finished-at="2024-07-05T23:12:19 IST" duration-ms="1669" status="PASS">
          <reporter-output>
          </reporter-output>
        </test-method> <!-- preCondition -->
        <test-method signature="trello()[pri:1, instance:testNgAnditsAttributes.AttributesTest@1b68b9a4]" started-at="2024-07-05T23:12:19 IST" name="trello" finished-at="2024-07-05T23:12:26 IST" duration-ms="6199" status="PASS">
          <reporter-output>
          </reporter-output>
        </test-method> <!-- trello -->
        <test-method is-config="true" signature="postCondition()[pri:0, instance:testNgAnditsAttributes.AttributesTest@1b68b9a4]" started-at="2024-07-05T23:12:26 IST" name="postCondition" finished-at="2024-07-05T23:12:26 IST" duration-ms="568" status="PASS">
          <reporter-output>
          </reporter-output>
        </test-method> <!-- postCondition -->
        <test-method is-config="true" signature="preCondition()[pri:0, instance:testNgAnditsAttributes.AttributesTest@1b68b9a4]" started-at="2024-07-05T23:12:26 IST" name="preCondition" finished-at="2024-07-05T23:12:28 IST" duration-ms="1661" status="PASS">
          <reporter-output>
          </reporter-output>
        </test-method> <!-- preCondition -->
        <test-method signature="vtiger()[pri:2, instance:testNgAnditsAttributes.AttributesTest@1b68b9a4]" started-at="2024-07-05T23:12:28 IST" name="vtiger" finished-at="2024-07-05T23:12:32 IST" duration-ms="3841" status="PASS">
          <reporter-output>
          </reporter-output>
        </test-method> <!-- vtiger -->
        <test-method is-config="true" signature="postCondition()[pri:0, instance:testNgAnditsAttributes.AttributesTest@1b68b9a4]" started-at="2024-07-05T23:12:32 IST" name="postCondition" finished-at="2024-07-05T23:12:32 IST" duration-ms="382" status="PASS">
          <reporter-output>
          </reporter-output>
        </test-method> <!-- postCondition -->
      </class> <!-- testNgAnditsAttributes.AttributesTest -->
    </test> <!-- Surefire test -->
  </suite> <!-- Surefire suite -->
</testng-results>
